[0302/212501.772:ERROR:crash_report_database_win.cc(563)] CreateDirectory C:\Program Files (x86)\reports: Access is denied. (0x5)
[0302/212501.778:ERROR:registration_protocol_win.cc(84)] TransactNamedPipe: The pipe has been ended. (0x6D)
[0302/212501.779:ERROR:crash_report_database_win.cc(563)] CreateDirectory C:\Program Files (x86)\reports: Access is denied. (0x5)
[0302/212501.818:ERROR:crashpad_client_win.cc(660)] crash server failed to launch, no dump captured
[0303/113113.975:ERROR:crash_report_database_win.cc(563)] CreateDirectory C:\Program Files (x86)\reports: Access is denied. (0x5)
[0303/113113.978:ERROR:registration_protocol_win.cc(84)] TransactNamedPipe: The pipe has been ended. (0x6D)
[0303/113113.980:ERROR:crash_report_database_win.cc(563)] CreateDirectory C:\Program Files (x86)\reports: Access is denied. (0x5)
[0303/113114.039:ERROR:crashpad_client_win.cc(660)] crash server failed to launch, no dump captured
[0304/113933.379:ERROR:crash_report_database_win.cc(563)] CreateDirectory C:\Program Files (x86)\reports: Access is denied. (0x5)
[0304/113933.521:ERROR:registration_protocol_win.cc(84)] TransactNamedPipe: The pipe has been ended. (0x6D)
[0304/113933.523:ERROR:crash_report_database_win.cc(563)] CreateDirectory C:\Program Files (x86)\reports: Access is denied. (0x5)
[0304/113933.764:ERROR:crashpad_client_win.cc(660)] crash server failed to launch, no dump captured
[0306/143303.410:ERROR:crash_report_database_win.cc(563)] CreateDirectory C:\Program Files (x86)\reports: Access is denied. (0x5)
[0306/143303.558:ERROR:registration_protocol_win.cc(84)] TransactNamedPipe: The pipe has been ended. (0x6D)
[0306/143303.559:ERROR:crash_report_database_win.cc(563)] CreateDirectory C:\Program Files (x86)\reports: Access is denied. (0x5)
[0306/143303.912:ERROR:crashpad_client_win.cc(660)] crash server failed to launch, no dump captured
[0401/214121.784:ERROR:crash_report_database_win.cc(563)] CreateDirectory C:\Program Files (x86)\temp: Access is denied. (0x5)
[0401/214122.142:ERROR:registration_protocol_win.cc(83)] TransactNamedPipe: The pipe has been ended. (0x6D)
[0401/214122.157:ERROR:crashpad_win.cc(223)] Crashpad handler failed to start, crash reporting disabled
[0402/105617.350:ERROR:crash_report_database_win.cc(563)] CreateDirectory C:\Program Files (x86)\temp: Access is denied. (0x5)
[0402/105617.724:ERROR:registration_protocol_win.cc(83)] TransactNamedPipe: The pipe has been ended. (0x6D)
[0402/105617.771:ERROR:crashpad_win.cc(223)] Crashpad handler failed to start, crash reporting disabled
[0402/153622.728:ERROR:crash_report_database_win.cc(563)] CreateDirectory C:\Program Files (x86)\temp: Access is denied. (0x5)
[0402/153622.847:ERROR:registration_protocol_win.cc(83)] TransactNamedPipe: The pipe has been ended. (0x6D)
[0402/153623.431:ERROR:crashpad_win.cc(223)] Crashpad handler failed to start, crash reporting disabled
[0402/183312.843:ERROR:crash_report_database_win.cc(563)] CreateDirectory C:\Program Files (x86)\temp: Access is denied. (0x5)
[0402/183312.945:ERROR:registration_protocol_win.cc(83)] TransactNamedPipe: The pipe has been ended. (0x6D)
[0402/183313.491:ERROR:crashpad_win.cc(223)] Crashpad handler failed to start, crash reporting disabled
[0402/185353.516:ERROR:crash_report_database_win.cc(563)] CreateDirectory C:\Program Files (x86)\temp: Access is denied. (0x5)
[0402/185354.499:ERROR:registration_protocol_win.cc(83)] TransactNamedPipe: The pipe has been ended. (0x6D)
[0402/185354.554:ERROR:crashpad_win.cc(223)] Crashpad handler failed to start, crash reporting disabled
[0402/185533.992:ERROR:crash_report_database_win.cc(563)] CreateDirectory C:\Program Files (x86)\temp: Access is denied. (0x5)
[0402/185534.438:ERROR:registration_protocol_win.cc(83)] TransactNamedPipe: The pipe has been ended. (0x6D)
[0402/185534.516:ERROR:crashpad_win.cc(223)] Crashpad handler failed to start, crash reporting disabled
[0402/185810.313:ERROR:crash_report_database_win.cc(563)] CreateDirectory C:\Program Files (x86)\temp: Access is denied. (0x5)
[0402/185810.577:ERROR:registration_protocol_win.cc(83)] TransactNamedPipe: The pipe has been ended. (0x6D)
[0402/185810.709:ERROR:crashpad_win.cc(223)] Crashpad handler failed to start, crash reporting disabled
[0403/120152.937:ERROR:crash_report_database_win.cc(563)] CreateDirectory C:\Program Files (x86)\temp: Access is denied. (0x5)
[0403/120153.155:ERROR:registration_protocol_win.cc(83)] TransactNamedPipe: The pipe has been ended. (0x6D)
[0403/120153.158:ERROR:crashpad_win.cc(223)] Crashpad handler failed to start, crash reporting disabled
[0403/122437.807:ERROR:crash_report_database_win.cc(563)] CreateDirectory C:\Program Files (x86)\temp: Access is denied. (0x5)
[0403/122438.064:ERROR:crash_report_database_win.cc(563)] CreateDirectory C:\Program Files (x86)\temp: Access is denied. (0x5)
[0403/122438.067:ERROR:registration_protocol_win.cc(83)] TransactNamedPipe: The pipe has been ended. (0x6D)
[0403/122438.100:ERROR:crashpad_win.cc(223)] Crashpad handler failed to start, crash reporting disabled
[0403/123610.817:ERROR:crash_report_database_win.cc(563)] CreateDirectory C:\Program Files (x86)\temp: Access is denied. (0x5)
[0403/123610.906:ERROR:crash_report_database_win.cc(563)] CreateDirectory C:\Program Files (x86)\temp: Access is denied. (0x5)
[0403/123610.952:ERROR:registration_protocol_win.cc(83)] TransactNamedPipe: The pipe has been ended. (0x6D)
[0403/123610.987:ERROR:crashpad_win.cc(223)] Crashpad handler failed to start, crash reporting disabled
[0403/134049.408:ERROR:crash_report_database_win.cc(563)] CreateDirectory C:\Program Files (x86)\temp: Access is denied. (0x5)
[0403/134049.587:ERROR:registration_protocol_win.cc(83)] TransactNamedPipe: The pipe has been ended. (0x6D)
[0403/134049.626:ERROR:crashpad_win.cc(223)] Crashpad handler failed to start, crash reporting disabled
[0404/123547.147:ERROR:crash_report_database_win.cc(563)] CreateDirectory C:\Program Files (x86)\temp: Access is denied. (0x5)
[0404/123547.466:ERROR:registration_protocol_win.cc(83)] TransactNamedPipe: The pipe has been ended. (0x6D)
[0404/123547.472:ERROR:crashpad_win.cc(223)] Crashpad handler failed to start, crash reporting disabled
[0406/122835.177:ERROR:file_io_win.cc(163)] CreateFile C:\Program Files (x86)\temp\settings.dat: Access is denied. (0x5)
[0406/122835.338:ERROR:file_io_win.cc(163)] CreateFile C:\Program Files (x86)\temp\settings.dat: Access is denied. (0x5)
[0406/122835.398:ERROR:registration_protocol_win.cc(83)] TransactNamedPipe: The pipe has been ended. (0x6D)
[0406/122835.411:ERROR:crashpad_win.cc(223)] Crashpad handler failed to start, crash reporting disabled
[0407/125402.917:ERROR:file_io_win.cc(163)] CreateFile C:\Program Files (x86)\temp\settings.dat: Access is denied. (0x5)
[0407/125403.099:ERROR:registration_protocol_win.cc(83)] TransactNamedPipe: The pipe has been ended. (0x6D)
[0407/125403.133:ERROR:crashpad_win.cc(223)] Crashpad handler failed to start, crash reporting disabled
[0407/165445.146:ERROR:file_io_win.cc(163)] CreateFile C:\Program Files (x86)\temp\settings.dat: Access is denied. (0x5)
[0407/165445.295:ERROR:registration_protocol_win.cc(83)] TransactNamedPipe: The pipe has been ended. (0x6D)
[0407/165445.312:ERROR:crashpad_win.cc(223)] Crashpad handler failed to start, crash reporting disabled
[0407/225702.540:ERROR:file_io_win.cc(163)] CreateFile C:\Program Files (x86)\temp\settings.dat: Access is denied. (0x5)
[0407/225702.674:ERROR:registration_protocol_win.cc(83)] TransactNamedPipe: The pipe has been ended. (0x6D)
[0407/225702.696:ERROR:crashpad_win.cc(223)] Crashpad handler failed to start, crash reporting disabled
[0408/160524.312:ERROR:file_io_win.cc(163)] CreateFile C:\Program Files (x86)\temp\settings.dat: Access is denied. (0x5)
[0408/160524.487:ERROR:registration_protocol_win.cc(83)] TransactNamedPipe: The pipe has been ended. (0x6D)
[0408/160524.488:ERROR:crashpad_win.cc(223)] Crashpad handler failed to start, crash reporting disabled
[0410/113535.476:ERROR:file_io_win.cc(163)] CreateFile C:\Program Files (x86)\temp\settings.dat: Access is denied. (0x5)
[0410/113535.646:ERROR:registration_protocol_win.cc(83)] TransactNamedPipe: The pipe has been ended. (0x6D)
[0410/113535.648:ERROR:crashpad_win.cc(223)] Crashpad handler failed to start, crash reporting disabled
[0411/210955.811:ERROR:file_io_win.cc(163)] CreateFile C:\Program Files (x86)\temp\settings.dat: Access is denied. (0x5)
[0411/210956.946:ERROR:registration_protocol_win.cc(83)] TransactNamedPipe: The pipe has been ended. (0x6D)
[0411/210957.048:ERROR:crashpad_win.cc(223)] Crashpad handler failed to start, crash reporting disabled
[0412/142414.785:ERROR:file_io_win.cc(163)] CreateFile C:\Program Files (x86)\temp\settings.dat: Access is denied. (0x5)
[0412/142414.925:ERROR:registration_protocol_win.cc(83)] TransactNamedPipe: The pipe has been ended. (0x6D)
[0412/142415.267:ERROR:crashpad_win.cc(223)] Crashpad handler failed to start, crash reporting disabled
[0412/142612:ERROR:tcp_listen_socket.cc(76)] Could not bind socket to 127.0.0.1:6004
[0412/142612:ERROR:node_debugger.cc(86)] Cannot start debugger server
[0412/234426.192:ERROR:file_io_win.cc(163)] CreateFile C:\Program Files (x86)\temp\settings.dat: Access is denied. (0x5)
[0412/234426.447:ERROR:registration_protocol_win.cc(83)] TransactNamedPipe: The pipe has been ended. (0x6D)
[0412/234426.486:ERROR:crashpad_win.cc(223)] Crashpad handler failed to start, crash reporting disabled
[0413/105056.526:ERROR:file_io_win.cc(163)] CreateFile C:\Program Files (x86)\temp\settings.dat: Access is denied. (0x5)
[0413/105056.669:ERROR:registration_protocol_win.cc(83)] TransactNamedPipe: The pipe has been ended. (0x6D)
[0413/105056.696:ERROR:crashpad_win.cc(223)] Crashpad handler failed to start, crash reporting disabled
[0414/180315.747:ERROR:file_io_win.cc(163)] CreateFile C:\Program Files (x86)\temp\settings.dat: Access is denied. (0x5)
[0414/180315.831:ERROR:file_io_win.cc(163)] CreateFile C:\Program Files (x86)\temp\settings.dat: Access is denied. (0x5)
[0414/180315.831:ERROR:registration_protocol_win.cc(83)] TransactNamedPipe: The pipe has been ended. (0x6D)
[0414/180316.750:ERROR:crashpad_win.cc(223)] Crashpad handler failed to start, crash reporting disabled
[0415/174419.563:ERROR:file_io_win.cc(163)] CreateFile C:\Program Files (x86)\temp\settings.dat: Access is denied. (0x5)
[0415/174419.672:ERROR:registration_protocol_win.cc(83)] TransactNamedPipe: The pipe has been ended. (0x6D)
[0415/174419.698:ERROR:crashpad_win.cc(223)] Crashpad handler failed to start, crash reporting disabled
[0415/221758.342:ERROR:file_io_win.cc(163)] CreateFile C:\Program Files (x86)\temp\settings.dat: Access is denied. (0x5)
[0415/221758.473:ERROR:registration_protocol_win.cc(83)] TransactNamedPipe: The pipe has been ended. (0x6D)
[0415/221758.504:ERROR:crashpad_win.cc(223)] Crashpad handler failed to start, crash reporting disabled
[0417/193236.135:ERROR:file_io_win.cc(163)] CreateFile C:\Program Files (x86)\temp\settings.dat: Access is denied. (0x5)
[0417/193236.363:ERROR:registration_protocol_win.cc(83)] TransactNamedPipe: The pipe has been ended. (0x6D)
[0417/193236.369:ERROR:crashpad_win.cc(223)] Crashpad handler failed to start, crash reporting disabled
[0419/182240.912:ERROR:file_io_win.cc(163)] CreateFile C:\Program Files (x86)\temp\settings.dat: Access is denied. (0x5)
[0419/182241.082:ERROR:registration_protocol_win.cc(83)] TransactNamedPipe: The pipe has been ended. (0x6D)
[0419/182241.082:ERROR:crashpad_win.cc(223)] Crashpad handler failed to start, crash reporting disabled
[0421/000238.034:ERROR:file_io_win.cc(163)] CreateFile C:\Program Files (x86)\temp\settings.dat: Access is denied. (0x5)
[0421/000239.103:ERROR:file_io_win.cc(163)] CreateFile C:\Program Files (x86)\temp\settings.dat: Access is denied. (0x5)
[0421/000239.119:ERROR:registration_protocol_win.cc(83)] TransactNamedPipe: The pipe has been ended. (0x6D)
[0421/000239.119:ERROR:crashpad_win.cc(223)] Crashpad handler failed to start, crash reporting disabled
